20260222-13:58:56 Train Epoch: 1/70 ...
20260222-14:00:10     total_loss: 21.4695 time: 1m 13s
20260222-14:00:10 Test Epoch: 1 ...
20260222-14:00:28     ave: 89.8833
20260222-14:00:28 Saving checkpoint: 1
20260222-14:00:28 Train Epoch: 2/70 ...
20260222-14:01:40     total_loss: 15.7651 time: 1m 12s
20260222-14:01:40 Test Epoch: 2 ...
20260222-14:01:59     ave: 93.7667
20260222-14:01:59 Saving checkpoint: 2
20260222-14:01:59 Train Epoch: 3/70 ...
20260222-14:03:13     total_loss: 13.8641 time: 1m 14s
20260222-14:03:13 Test Epoch: 3 ...
20260222-14:03:30     ave: 95.1500
20260222-14:03:30 Saving checkpoint: 3
20260222-14:03:30 Train Epoch: 4/70 ...
20260222-14:04:44     total_loss: 12.9375 time: 1m 14s
20260222-14:04:44 Test Epoch: 4 ...
20260222-14:05:03     ave: 95.9500
20260222-14:05:03 Saving checkpoint: 4
20260222-14:05:03 Train Epoch: 5/70 ...
20260222-14:06:18     total_loss: 12.3341 time: 1m 15s
20260222-14:06:18 Test Epoch: 5 ...
20260222-14:06:36     ave: 96.2500
20260222-14:06:36 Saving checkpoint: 5
20260222-14:06:36 Train Epoch: 6/70 ...
20260222-14:07:50     total_loss: 11.8950 time: 1m 14s
20260222-14:07:50 Test Epoch: 6 ...
20260222-14:08:09     ave: 96.7500
20260222-14:08:09 Saving checkpoint: 6
20260222-14:08:09 Train Epoch: 7/70 ...
20260222-14:09:23     total_loss: 11.5796 time: 1m 14s
20260222-14:09:23 Test Epoch: 7 ...
20260222-14:09:42     ave: 96.8333
20260222-14:09:42 Saving checkpoint: 7
20260222-14:09:42 Train Epoch: 8/70 ...
20260222-14:10:55     total_loss: 11.3335 time: 1m 13s
20260222-14:10:55 Test Epoch: 8 ...
20260222-14:11:13     ave: 97.0333
20260222-14:11:13 Saving checkpoint: 8
20260222-14:11:13 Train Epoch: 9/70 ...
20260222-14:12:27     total_loss: 11.1379 time: 1m 13s
20260222-14:12:27 Test Epoch: 9 ...
20260222-14:12:46     ave: 97.2000
20260222-14:12:46 Saving checkpoint: 9
20260222-14:12:46 Train Epoch: 10/70 ...
20260222-14:13:59     total_loss: 10.9744 time: 1m 13s
20260222-14:13:59 Test Epoch: 10 ...
20260222-14:14:17     ave: 97.2667
20260222-14:14:17 Saving checkpoint: 10
20260222-14:14:17 Train Epoch: 11/70 ...
20260222-14:15:28     total_loss: 10.8334 time: 1m 11s
20260222-14:15:28 Test Epoch: 11 ...
20260222-14:15:46     ave: 97.4333
20260222-14:15:46 Saving checkpoint: 11
20260222-14:15:46 Train Epoch: 12/70 ...
20260222-14:16:57     total_loss: 10.7152 time: 1m 11s
20260222-14:16:57 Test Epoch: 12 ...
20260222-14:17:16     ave: 97.5833
20260222-14:17:16 Saving checkpoint: 12
20260222-14:17:16 Train Epoch: 13/70 ...
20260222-14:18:30     total_loss: 10.6064 time: 1m 14s
20260222-14:18:30 Test Epoch: 13 ...
20260222-14:18:49     ave: 97.8167
20260222-14:18:49 Saving checkpoint: 13
20260222-14:18:49 Train Epoch: 14/70 ...
20260222-14:20:04     total_loss: 10.5146 time: 1m 15s
20260222-14:20:04 Test Epoch: 14 ...
20260222-14:20:24     ave: 98.0333
20260222-14:20:24 Saving checkpoint: 14
20260222-14:20:24 Train Epoch: 15/70 ...
20260222-14:21:36     total_loss: 10.4258 time: 1m 13s
20260222-14:21:36 Test Epoch: 15 ...
20260222-14:21:55     ave: 97.6333
20260222-14:21:55 Saving checkpoint: 15
20260222-14:21:55 Train Epoch: 16/70 ...
20260222-14:23:06     total_loss: 10.3463 time: 1m 12s
20260222-14:23:06 Test Epoch: 16 ...
20260222-14:23:23     ave: 97.8667
20260222-14:23:23 Saving checkpoint: 16
20260222-14:23:23 Train Epoch: 17/70 ...
20260222-14:24:32     total_loss: 10.2801 time: 1m 9s
20260222-14:24:32 Test Epoch: 17 ...
20260222-14:24:52     ave: 98.1167
20260222-14:24:52 Saving checkpoint: 17
20260222-14:24:52 Train Epoch: 18/70 ...
20260222-14:26:04     total_loss: 10.2119 time: 1m 12s
20260222-14:26:04 Test Epoch: 18 ...
20260222-14:26:24     ave: 97.7333
20260222-14:26:24 Saving checkpoint: 18
20260222-14:26:24 Train Epoch: 19/70 ...
20260222-14:27:37     total_loss: 10.1562 time: 1m 13s
20260222-14:27:37 Test Epoch: 19 ...
20260222-14:27:55     ave: 97.8667
20260222-14:27:55 Saving checkpoint: 19
20260222-14:27:55 Train Epoch: 20/70 ...
20260222-14:29:10     total_loss: 10.0965 time: 1m 15s
20260222-14:29:10 Test Epoch: 20 ...
20260222-14:29:29     ave: 98.2000
20260222-14:29:29 Saving checkpoint: 20
20260222-14:29:29 Train Epoch: 21/70 ...
20260222-14:30:42     total_loss: 10.0449 time: 1m 13s
20260222-14:30:42 Test Epoch: 21 ...
20260222-14:31:01     ave: 97.5500
20260222-14:31:01 Saving checkpoint: 21
20260222-14:31:01 Train Epoch: 22/70 ...
20260222-14:32:15     total_loss: 9.9993 time: 1m 14s
20260222-14:32:15 Test Epoch: 22 ...
20260222-14:32:34     ave: 97.8667
20260222-14:32:34 Saving checkpoint: 22
20260222-14:32:34 Train Epoch: 23/70 ...
20260222-14:33:45     total_loss: 9.9499 time: 1m 12s
20260222-14:33:45 Test Epoch: 23 ...
20260222-14:34:03     ave: 98.3667
20260222-14:34:03 Saving checkpoint: 23
20260222-14:34:03 Train Epoch: 24/70 ...
20260222-14:35:17     total_loss: 9.9123 time: 1m 13s
20260222-14:35:17 Test Epoch: 24 ...
20260222-14:35:35     ave: 98.0500
20260222-14:35:35 Saving checkpoint: 24
20260222-14:35:35 Train Epoch: 25/70 ...
20260222-14:36:49     total_loss: 9.8708 time: 1m 14s
20260222-14:36:49 Test Epoch: 25 ...
20260222-14:37:08     ave: 98.0500
20260222-14:37:08 Saving checkpoint: 25
20260222-14:37:08 Train Epoch: 26/70 ...
20260222-14:38:21     total_loss: 9.8294 time: 1m 13s
20260222-14:38:21 Test Epoch: 26 ...
20260222-14:38:39     ave: 98.0000
20260222-14:38:39 Saving checkpoint: 26
20260222-14:38:39 Train Epoch: 27/70 ...
20260222-14:39:55     total_loss: 9.7929 time: 1m 15s
20260222-14:39:55 Test Epoch: 27 ...
20260222-14:40:13     ave: 98.2667
20260222-14:40:13 Saving checkpoint: 27
20260222-14:40:13 Train Epoch: 28/70 ...
20260222-14:41:31     total_loss: 9.7577 time: 1m 18s
20260222-14:41:31 Test Epoch: 28 ...
20260222-14:41:49     ave: 98.2833
20260222-14:41:49 Saving checkpoint: 28
20260222-14:41:49 Train Epoch: 29/70 ...
20260222-14:43:07     total_loss: 9.7230 time: 1m 17s
20260222-14:43:07 Test Epoch: 29 ...
20260222-14:43:25     ave: 98.1000
20260222-14:43:25 Saving checkpoint: 29
20260222-14:43:26 Train Epoch: 30/70 ...
20260222-14:44:38     total_loss: 9.6926 time: 1m 12s
20260222-14:44:38 Test Epoch: 30 ...
20260222-14:44:55     ave: 98.3167
20260222-14:44:55 Saving checkpoint: 30
20260222-14:44:55 Train Epoch: 31/70 ...
20260222-14:46:01     total_loss: 9.6594 time: 1m 7s
20260222-14:46:01 Test Epoch: 31 ...
20260222-14:46:19     ave: 98.3000
20260222-14:46:19 Saving checkpoint: 31
20260222-14:46:19 Train Epoch: 32/70 ...
20260222-14:47:23     total_loss: 9.6284 time: 1m 4s
20260222-14:47:23 Test Epoch: 32 ...
20260222-14:47:40     ave: 98.3333
20260222-14:47:40 Saving checkpoint: 32
20260222-14:47:40 Train Epoch: 33/70 ...
20260222-14:48:45     total_loss: 9.5990 time: 1m 4s
20260222-14:48:45 Test Epoch: 33 ...
20260222-14:49:02     ave: 98.2000
20260222-14:49:02 Saving checkpoint: 33
20260222-14:49:02 Train Epoch: 34/70 ...
20260222-14:50:06     total_loss: 9.5696 time: 1m 4s
20260222-14:50:06 Test Epoch: 34 ...
20260222-14:50:24     ave: 98.1333
20260222-14:50:24 Saving checkpoint: 34
20260222-14:50:24 Train Epoch: 35/70 ...
20260222-14:51:28     total_loss: 9.5412 time: 1m 4s
20260222-14:51:28 Test Epoch: 35 ...
20260222-14:51:45     ave: 98.2333
20260222-14:51:45 Saving checkpoint: 35
20260222-14:51:45 Train Epoch: 36/70 ...
20260222-14:52:51     total_loss: 9.5158 time: 1m 5s
20260222-14:52:51 Test Epoch: 36 ...
20260222-14:53:08     ave: 98.2333
20260222-14:53:08 Saving checkpoint: 36
20260222-14:53:08 Train Epoch: 37/70 ...
20260222-14:54:15     total_loss: 8.2831 time: 1m 6s
20260222-14:54:15 Test Epoch: 37 ...
20260222-14:54:32     ave: 98.3833
20260222-14:54:32 Saving checkpoint: 37
20260222-14:54:32 Train Epoch: 38/70 ...
20260222-14:55:38     total_loss: 7.9550 time: 1m 6s
20260222-14:55:38 Test Epoch: 38 ...
20260222-14:55:56     ave: 98.3000
20260222-14:55:56 Saving checkpoint: 38
20260222-14:55:56 Train Epoch: 39/70 ...
20260222-14:57:02     total_loss: 7.8548 time: 1m 6s
20260222-14:57:02 Test Epoch: 39 ...
20260222-14:57:19     ave: 98.3500
20260222-14:57:19 Saving checkpoint: 39
20260222-14:57:20 Train Epoch: 40/70 ...
20260222-14:58:26     total_loss: 7.8157 time: 1m 7s
20260222-14:58:26 Test Epoch: 40 ...
20260222-14:58:43     ave: 98.4000
20260222-14:58:43 Saving checkpoint: 40
20260222-14:58:43 Train Epoch: 41/70 ...
20260222-14:59:49     total_loss: 7.7943 time: 1m 6s
20260222-14:59:49 Test Epoch: 41 ...
20260222-15:00:06     ave: 98.2000
20260222-15:00:06 Saving checkpoint: 41
20260222-15:00:06 Train Epoch: 42/70 ...
20260222-15:01:12     total_loss: 7.7877 time: 1m 5s
20260222-15:01:12 Test Epoch: 42 ...
20260222-15:01:29     ave: 98.3000
20260222-15:01:29 Saving checkpoint: 42
20260222-15:01:29 Train Epoch: 43/70 ...
20260222-15:02:34     total_loss: 7.7853 time: 1m 5s
20260222-15:02:34 Test Epoch: 43 ...
20260222-15:02:51     ave: 98.4000
20260222-15:02:51 Saving checkpoint: 43
20260222-15:02:51 Train Epoch: 44/70 ...
20260222-15:03:56     total_loss: 7.7874 time: 1m 4s
20260222-15:03:56 Test Epoch: 44 ...
20260222-15:04:13     ave: 98.4500
20260222-15:04:13 Saving checkpoint: 44
20260222-15:04:13 Train Epoch: 45/70 ...
20260222-15:05:17     total_loss: 7.7912 time: 1m 4s
20260222-15:05:17 Test Epoch: 45 ...
20260222-15:05:34     ave: 98.2000
20260222-15:05:34 Saving checkpoint: 45
20260222-15:05:34 Train Epoch: 46/70 ...
20260222-15:06:39     total_loss: 7.7962 time: 1m 5s
20260222-15:06:39 Test Epoch: 46 ...
20260222-15:06:56     ave: 98.3500
20260222-15:06:56 Saving checkpoint: 46
20260222-15:06:56 Train Epoch: 47/70 ...
20260222-15:08:02     total_loss: 7.8011 time: 1m 6s
20260222-15:08:02 Test Epoch: 47 ...
20260222-15:08:20     ave: 98.3667
20260222-15:08:20 Saving checkpoint: 47
20260222-15:08:20 Train Epoch: 48/70 ...
20260222-15:09:27     total_loss: 7.8083 time: 1m 8s
20260222-15:09:27 Test Epoch: 48 ...
20260222-15:09:45     ave: 98.5000
20260222-15:09:45 Saving checkpoint: 48
20260222-15:09:45 Train Epoch: 49/70 ...
20260222-15:10:51     total_loss: 7.8149 time: 1m 7s
20260222-15:10:51 Test Epoch: 49 ...
20260222-15:11:09     ave: 98.2167
20260222-15:11:09 Saving checkpoint: 49
20260222-15:11:09 Train Epoch: 50/70 ...
20260222-15:12:15     total_loss: 7.8214 time: 1m 6s
20260222-15:12:15 Test Epoch: 50 ...
20260222-15:12:32     ave: 98.4500
20260222-15:12:32 Saving checkpoint: 50
20260222-15:12:32 Train Epoch: 51/70 ...
20260222-15:13:39     total_loss: 7.8286 time: 1m 7s
20260222-15:13:39 Test Epoch: 51 ...
20260222-15:13:55     ave: 98.5000
20260222-15:13:55 Saving checkpoint: 51
20260222-15:13:55 Train Epoch: 52/70 ...
20260222-15:15:02     total_loss: 7.8359 time: 1m 7s
20260222-15:15:02 Test Epoch: 52 ...
20260222-15:15:20     ave: 98.4000
20260222-15:15:20 Saving checkpoint: 52
20260222-15:15:20 Train Epoch: 53/70 ...
20260222-15:16:27     total_loss: 7.4841 time: 1m 7s
20260222-15:16:27 Test Epoch: 53 ...
20260222-15:16:45     ave: 98.2500
20260222-15:16:45 Saving checkpoint: 53
20260222-15:16:45 Train Epoch: 54/70 ...
20260222-15:17:55     total_loss: 7.4523 time: 1m 10s
20260222-15:17:55 Test Epoch: 54 ...
20260222-15:18:12     ave: 98.3000
20260222-15:18:12 Saving checkpoint: 54
20260222-15:18:12 Train Epoch: 55/70 ...
20260222-15:19:17     total_loss: 7.4431 time: 1m 6s
20260222-15:19:17 Test Epoch: 55 ...
20260222-15:19:34     ave: 98.2833
20260222-15:19:34 Saving checkpoint: 55
20260222-15:19:35 Train Epoch: 56/70 ...
20260222-15:20:40     total_loss: 7.4341 time: 1m 6s
20260222-15:20:40 Test Epoch: 56 ...
20260222-15:20:58     ave: 98.2500
20260222-15:20:58 Saving checkpoint: 56
20260222-15:20:58 Train Epoch: 57/70 ...
20260222-15:22:04     total_loss: 7.4295 time: 1m 6s
20260222-15:22:04 Test Epoch: 57 ...
20260222-15:22:21     ave: 98.1833
20260222-15:22:21 Saving checkpoint: 57
20260222-15:22:21 Train Epoch: 58/70 ...
20260222-15:23:27     total_loss: 7.4250 time: 1m 6s
20260222-15:23:27 Test Epoch: 58 ...
20260222-15:23:43     ave: 98.3333
20260222-15:23:43 Saving checkpoint: 58
20260222-15:23:43 Train Epoch: 59/70 ...
20260222-15:24:49     total_loss: 7.3786 time: 1m 6s
20260222-15:24:49 Test Epoch: 59 ...
20260222-15:25:06     ave: 98.2667
20260222-15:25:06 Saving checkpoint: 59
20260222-15:25:06 Train Epoch: 60/70 ...
20260222-15:26:13     total_loss: 7.3752 time: 1m 7s
20260222-15:26:13 Test Epoch: 60 ...
20260222-15:26:30     ave: 98.2500
20260222-15:26:30 Saving checkpoint: 60
20260222-15:26:30 Train Epoch: 61/70 ...
20260222-15:27:35     total_loss: 7.3741 time: 1m 5s
20260222-15:27:35 Test Epoch: 61 ...
20260222-15:27:52     ave: 98.1833
20260222-15:27:52 Saving checkpoint: 61
20260222-15:27:52 Train Epoch: 62/70 ...
20260222-15:28:58     total_loss: 7.3748 time: 1m 6s
20260222-15:28:58 Test Epoch: 62 ...
20260222-15:29:15     ave: 98.2000
20260222-15:29:15 Saving checkpoint: 62
20260222-15:29:15 Train Epoch: 63/70 ...
20260222-15:30:22     total_loss: 7.3744 time: 1m 7s
20260222-15:30:22 Test Epoch: 63 ...
20260222-15:30:38     ave: 98.2500
20260222-15:30:38 Saving checkpoint: 63
20260222-15:30:39 Train Epoch: 64/70 ...
20260222-15:31:46     total_loss: 7.3738 time: 1m 7s
20260222-15:31:46 Test Epoch: 64 ...
20260222-15:32:03     ave: 98.3000
20260222-15:32:03 Saving checkpoint: 64
20260222-15:32:03 Train Epoch: 65/70 ...
20260222-15:33:10     total_loss: 7.3725 time: 1m 7s
20260222-15:33:10 Test Epoch: 65 ...
20260222-15:33:27     ave: 98.3000
20260222-15:33:27 Saving checkpoint: 65
20260222-15:33:27 Train Epoch: 66/70 ...
20260222-15:34:33     total_loss: 7.3722 time: 1m 6s
20260222-15:34:33 Test Epoch: 66 ...
20260222-15:34:51     ave: 98.2500
20260222-15:34:51 Saving checkpoint: 66
20260222-15:34:51 Train Epoch: 67/70 ...
20260222-15:36:00     total_loss: 7.3723 time: 1m 9s
20260222-15:36:00 Test Epoch: 67 ...
20260222-15:36:18     ave: 98.2000
20260222-15:36:18 Saving checkpoint: 67
20260222-15:36:18 Train Epoch: 68/70 ...
20260222-15:37:25     total_loss: 7.3729 time: 1m 7s
20260222-15:37:25 Test Epoch: 68 ...
20260222-15:37:42     ave: 98.2333
20260222-15:37:42 Saving checkpoint: 68
20260222-15:37:42 Train Epoch: 69/70 ...
20260222-15:38:49     total_loss: 7.3730 time: 1m 7s
20260222-15:38:49 Test Epoch: 69 ...
20260222-15:39:07     ave: 98.1833
20260222-15:39:07 Saving checkpoint: 69
20260222-15:39:07 Train Epoch: 70/70 ...
20260222-15:40:14     total_loss: 7.3707 time: 1m 7s
20260222-15:40:14 Test Epoch: 70 ...
20260222-15:40:32     ave: 98.2167
20260222-15:40:32 Saving checkpoint: 70
