20260222-13:32:15 Train Epoch: 1/70 ...
20260222-13:34:05     total_loss: 21.0961 time: 1m 50s
20260222-13:34:05 Test Epoch: 1 ...
20260222-13:34:21     ave: 92.2667
20260222-13:34:21 Saving checkpoint: 1
20260222-13:34:21 Train Epoch: 2/70 ...
20260222-13:36:09     total_loss: 14.3442 time: 1m 48s
20260222-13:36:09 Test Epoch: 2 ...
20260222-13:36:26     ave: 95.9833
20260222-13:36:26 Saving checkpoint: 2
20260222-13:36:26 Train Epoch: 3/70 ...
20260222-13:38:16     total_loss: 12.1922 time: 1m 49s
20260222-13:38:16 Test Epoch: 3 ...
20260222-13:38:34     ave: 96.7833
20260222-13:38:34 Saving checkpoint: 3
20260222-13:38:34 Train Epoch: 4/70 ...
20260222-13:40:21     total_loss: 11.1446 time: 1m 47s
20260222-13:40:21 Test Epoch: 4 ...
20260222-13:40:39     ave: 97.6333
20260222-13:40:39 Saving checkpoint: 4
20260222-13:40:39 Train Epoch: 5/70 ...
20260222-13:42:25     total_loss: 10.4851 time: 1m 46s
20260222-13:42:25 Test Epoch: 5 ...
20260222-13:42:42     ave: 97.6500
20260222-13:42:42 Saving checkpoint: 5
20260222-13:42:42 Train Epoch: 6/70 ...
20260222-13:44:27     total_loss: 10.0343 time: 1m 45s
20260222-13:44:27 Test Epoch: 6 ...
20260222-13:44:44     ave: 97.9833
20260222-13:44:44 Saving checkpoint: 6
20260222-13:44:44 Train Epoch: 7/70 ...
20260222-13:46:30     total_loss: 9.6951 time: 1m 46s
20260222-13:46:30 Test Epoch: 7 ...
20260222-13:46:46     ave: 98.0833
20260222-13:46:46 Saving checkpoint: 7
20260222-13:46:46 Train Epoch: 8/70 ...
20260222-13:48:32     total_loss: 9.4245 time: 1m 46s
20260222-13:48:32 Test Epoch: 8 ...
20260222-13:48:47     ave: 98.4000
20260222-13:48:47 Saving checkpoint: 8
20260222-13:48:47 Train Epoch: 9/70 ...
