20260222-20:19:14 Teacher loaded from: ./model-2-22-1350/best/068.ckpt
20260222-20:19:14 Student initialized from: ./model/CASIA_B512_v2_20260222_160714/051.ckpt
20260222-20:19:15 Train Epoch: 1/70 ...
20260222-20:20:47     total_loss: 13.1846 time: 1m 33s
20260222-20:20:47 Test Epoch: 1 ...
20260222-20:21:04     ave: 97.8500
20260222-20:21:04 Saving checkpoint: 1
20260222-20:21:04 Train Epoch: 2/70 ...
20260222-20:22:36     total_loss: 10.4325 time: 1m 31s
20260222-20:22:36 Test Epoch: 2 ...
20260222-20:22:54     ave: 98.0500
20260222-20:22:54 Saving checkpoint: 2
20260222-20:22:54 Train Epoch: 3/70 ...
20260222-20:24:26     total_loss: 10.2014 time: 1m 32s
20260222-20:24:26 Test Epoch: 3 ...
20260222-20:24:43     ave: 98.0333
20260222-20:24:43 Saving checkpoint: 3
20260222-20:24:43 Train Epoch: 4/70 ...
20260222-20:26:16     total_loss: 10.0865 time: 1m 33s
20260222-20:26:16 Test Epoch: 4 ...
20260222-20:26:33     ave: 98.1167
20260222-20:26:33 Saving checkpoint: 4
20260222-20:26:33 Train Epoch: 5/70 ...
20260222-20:28:05     total_loss: 10.0083 time: 1m 32s
20260222-20:28:05 Test Epoch: 5 ...
20260222-20:28:24     ave: 98.0833
20260222-20:28:24 Saving checkpoint: 5
20260222-20:28:24 Train Epoch: 6/70 ...
20260222-20:30:00     total_loss: 9.9522 time: 1m 36s
20260222-20:30:00 Test Epoch: 6 ...
20260222-20:30:19     ave: 97.8500
20260222-20:30:19 Saving checkpoint: 6
20260222-20:30:19 Train Epoch: 7/70 ...
20260222-20:31:51     total_loss: 9.8982 time: 1m 32s
20260222-20:31:51 Test Epoch: 7 ...
20260222-20:32:08     ave: 98.0500
20260222-20:32:08 Saving checkpoint: 7
20260222-20:32:08 Train Epoch: 8/70 ...
20260222-20:33:38     total_loss: 9.8604 time: 1m 30s
20260222-20:33:38 Test Epoch: 8 ...
20260222-20:33:57     ave: 97.9667
20260222-20:33:57 Saving checkpoint: 8
20260222-20:33:57 Train Epoch: 9/70 ...
20260222-20:35:27     total_loss: 9.8208 time: 1m 30s
20260222-20:35:27 Test Epoch: 9 ...
20260222-20:35:46     ave: 97.9167
20260222-20:35:46 Saving checkpoint: 9
20260222-20:35:46 Train Epoch: 10/70 ...
20260222-20:37:15     total_loss: 9.7896 time: 1m 30s
20260222-20:37:15 Test Epoch: 10 ...
20260222-20:37:34     ave: 98.0333
20260222-20:37:34 Saving checkpoint: 10
20260222-20:37:34 Train Epoch: 11/70 ...
20260222-20:39:04     total_loss: 9.7581 time: 1m 30s
20260222-20:39:04 Test Epoch: 11 ...
20260222-20:39:23     ave: 97.8667
20260222-20:39:23 Saving checkpoint: 11
20260222-20:39:23 Train Epoch: 12/70 ...
20260222-20:40:54     total_loss: 9.7321 time: 1m 31s
20260222-20:40:54 Test Epoch: 12 ...
20260222-20:41:12     ave: 97.9000
20260222-20:41:12 Saving checkpoint: 12
20260222-20:41:12 Train Epoch: 13/70 ...
20260222-20:42:41     total_loss: 9.7056 time: 1m 29s
20260222-20:42:41 Test Epoch: 13 ...
20260222-20:43:00     ave: 98.0000
20260222-20:43:00 Saving checkpoint: 13
20260222-20:43:00 Train Epoch: 14/70 ...
20260222-20:44:29     total_loss: 9.6810 time: 1m 29s
20260222-20:44:29 Test Epoch: 14 ...
20260222-20:44:48     ave: 97.9833
20260222-20:44:48 Saving checkpoint: 14
20260222-20:44:48 Train Epoch: 15/70 ...
20260222-20:46:18     total_loss: 9.6593 time: 1m 31s
20260222-20:46:18 Test Epoch: 15 ...
20260222-20:46:37     ave: 97.9000
20260222-20:46:37 Saving checkpoint: 15
20260222-20:46:37 Train Epoch: 16/70 ...
20260222-20:48:03     total_loss: 9.6395 time: 1m 26s
20260222-20:48:03 Test Epoch: 16 ...
20260222-20:48:22     ave: 98.0000
20260222-20:48:22 Saving checkpoint: 16
20260222-20:48:22 Train Epoch: 17/70 ...
20260222-20:49:48     total_loss: 9.6183 time: 1m 26s
20260222-20:49:48 Test Epoch: 17 ...
20260222-20:50:06     ave: 97.8500
20260222-20:50:06 Saving checkpoint: 17
20260222-20:50:07 Train Epoch: 18/70 ...
20260222-20:51:31     total_loss: 9.6001 time: 1m 24s
20260222-20:51:31 Test Epoch: 18 ...
20260222-20:51:49     ave: 98.1000
20260222-20:51:49 Saving checkpoint: 18
20260222-20:51:49 Train Epoch: 19/70 ...
20260222-20:53:12     total_loss: 9.5814 time: 1m 22s
20260222-20:53:12 Test Epoch: 19 ...
20260222-20:53:30     ave: 98.0167
20260222-20:53:30 Saving checkpoint: 19
20260222-20:53:30 Train Epoch: 20/70 ...
20260222-20:54:52     total_loss: 9.5649 time: 1m 22s
20260222-20:54:52 Test Epoch: 20 ...
20260222-20:55:11     ave: 98.0167
20260222-20:55:11 Saving checkpoint: 20
20260222-20:55:11 Train Epoch: 21/70 ...
20260222-20:56:35     total_loss: 9.1069 time: 1m 24s
20260222-20:56:35 Test Epoch: 21 ...
20260222-20:56:53     ave: 97.9833
20260222-20:56:53 Saving checkpoint: 21
20260222-20:56:53 Train Epoch: 22/70 ...
20260222-20:58:17     total_loss: 9.0613 time: 1m 24s
20260222-20:58:17 Test Epoch: 22 ...
20260222-20:58:36     ave: 97.9667
20260222-20:58:36 Saving checkpoint: 22
20260222-20:58:36 Train Epoch: 23/70 ...
20260222-20:59:59     total_loss: 9.0431 time: 1m 23s
20260222-20:59:59 Test Epoch: 23 ...
20260222-21:00:18     ave: 98.1500
20260222-21:00:18 Saving checkpoint: 23
20260222-21:00:18 Train Epoch: 24/70 ...
20260222-21:01:41     total_loss: 9.0323 time: 1m 24s
20260222-21:01:41 Test Epoch: 24 ...
20260222-21:02:00     ave: 98.0333
20260222-21:02:00 Saving checkpoint: 24
20260222-21:02:00 Train Epoch: 25/70 ...
20260222-21:03:22     total_loss: 9.0241 time: 1m 22s
20260222-21:03:22 Test Epoch: 25 ...
20260222-21:03:40     ave: 97.9000
20260222-21:03:40 Saving checkpoint: 25
20260222-21:03:40 Train Epoch: 26/70 ...
20260222-21:05:02     total_loss: 9.0182 time: 1m 22s
20260222-21:05:02 Test Epoch: 26 ...
20260222-21:05:20     ave: 97.9500
20260222-21:05:20 Saving checkpoint: 26
20260222-21:05:20 Train Epoch: 27/70 ...
20260222-21:06:43     total_loss: 9.0146 time: 1m 23s
20260222-21:06:43 Test Epoch: 27 ...
20260222-21:07:01     ave: 97.8833
20260222-21:07:01 Saving checkpoint: 27
20260222-21:07:01 Train Epoch: 28/70 ...
20260222-21:08:24     total_loss: 9.0113 time: 1m 24s
20260222-21:08:24 Test Epoch: 28 ...
20260222-21:08:43     ave: 97.8667
20260222-21:08:43 Saving checkpoint: 28
20260222-21:08:43 Train Epoch: 29/70 ...
20260222-21:10:07     total_loss: 9.0091 time: 1m 24s
20260222-21:10:07 Test Epoch: 29 ...
20260222-21:10:25     ave: 98.0833
20260222-21:10:25 Saving checkpoint: 29
20260222-21:10:25 Train Epoch: 30/70 ...
20260222-21:11:47     total_loss: 9.0048 time: 1m 22s
20260222-21:11:47 Test Epoch: 30 ...
20260222-21:12:04     ave: 97.8833
20260222-21:12:04 Saving checkpoint: 30
20260222-21:12:04 Train Epoch: 31/70 ...
20260222-21:13:26     total_loss: 9.0026 time: 1m 22s
20260222-21:13:26 Test Epoch: 31 ...
20260222-21:13:45     ave: 97.9667
20260222-21:13:45 Saving checkpoint: 31
20260222-21:13:45 Train Epoch: 32/70 ...
20260222-21:15:08     total_loss: 9.0020 time: 1m 23s
20260222-21:15:08 Test Epoch: 32 ...
20260222-21:15:26     ave: 98.1000
20260222-21:15:26 Saving checkpoint: 32
20260222-21:15:26 Train Epoch: 33/70 ...
20260222-21:16:49     total_loss: 8.9983 time: 1m 23s
20260222-21:16:49 Test Epoch: 33 ...
20260222-21:17:07     ave: 98.0833
20260222-21:17:07 Saving checkpoint: 33
20260222-21:17:07 Train Epoch: 34/70 ...
20260222-21:18:32     total_loss: 8.9960 time: 1m 25s
20260222-21:18:32 Test Epoch: 34 ...
20260222-21:18:50     ave: 98.0333
20260222-21:18:50 Saving checkpoint: 34
20260222-21:18:50 Train Epoch: 35/70 ...
20260222-21:20:15     total_loss: 8.9944 time: 1m 24s
20260222-21:20:15 Test Epoch: 35 ...
20260222-21:20:32     ave: 98.1333
20260222-21:20:32 Saving checkpoint: 35
20260222-21:20:33 Train Epoch: 36/70 ...
20260222-21:21:54     total_loss: 8.9935 time: 1m 22s
20260222-21:21:54 Test Epoch: 36 ...
20260222-21:22:12     ave: 98.1667
20260222-21:22:12 Saving checkpoint: 36
20260222-21:22:12 Train Epoch: 37/70 ...
20260222-21:23:35     total_loss: 8.9927 time: 1m 23s
20260222-21:23:35 Test Epoch: 37 ...
20260222-21:23:53     ave: 97.9667
20260222-21:23:53 Saving checkpoint: 37
20260222-21:23:53 Train Epoch: 38/70 ...
20260222-21:25:15     total_loss: 8.9904 time: 1m 22s
20260222-21:25:15 Test Epoch: 38 ...
20260222-21:25:33     ave: 97.8833
20260222-21:25:33 Saving checkpoint: 38
20260222-21:25:33 Train Epoch: 39/70 ...
20260222-21:26:59     total_loss: 8.9880 time: 1m 26s
20260222-21:26:59 Test Epoch: 39 ...
20260222-21:27:18     ave: 97.8833
20260222-21:27:18 Saving checkpoint: 39
20260222-21:27:18 Train Epoch: 40/70 ...
20260222-21:28:49     total_loss: 8.9871 time: 1m 31s
20260222-21:28:49 Test Epoch: 40 ...
20260222-21:29:09     ave: 97.9833
20260222-21:29:09 Saving checkpoint: 40
20260222-21:29:09 Train Epoch: 41/70 ...
20260222-21:30:38     total_loss: 8.9196 time: 1m 29s
20260222-21:30:38 Test Epoch: 41 ...
20260222-21:30:57     ave: 98.1667
20260222-21:30:57 Saving checkpoint: 41
20260222-21:30:57 Train Epoch: 42/70 ...
20260222-21:32:29     total_loss: 8.9172 time: 1m 32s
20260222-21:32:29 Test Epoch: 42 ...
20260222-21:32:48     ave: 98.0000
20260222-21:32:48 Saving checkpoint: 42
20260222-21:32:48 Train Epoch: 43/70 ...
20260222-21:34:24     total_loss: 8.9167 time: 1m 36s
20260222-21:34:24 Test Epoch: 43 ...
20260222-21:34:43     ave: 98.0333
20260222-21:34:43 Saving checkpoint: 43
20260222-21:34:43 Train Epoch: 44/70 ...
20260222-21:36:16     total_loss: 8.9153 time: 1m 32s
20260222-21:36:16 Test Epoch: 44 ...
20260222-21:36:34     ave: 97.9500
20260222-21:36:34 Saving checkpoint: 44
20260222-21:36:34 Train Epoch: 45/70 ...
20260222-21:38:06     total_loss: 8.9142 time: 1m 32s
20260222-21:38:06 Test Epoch: 45 ...
20260222-21:38:25     ave: 97.9333
20260222-21:38:25 Saving checkpoint: 45
20260222-21:38:25 Train Epoch: 46/70 ...
20260222-21:39:53     total_loss: 8.9154 time: 1m 28s
20260222-21:39:53 Test Epoch: 46 ...
20260222-21:40:12     ave: 97.9833
20260222-21:40:12 Saving checkpoint: 46
20260222-21:40:12 Train Epoch: 47/70 ...
20260222-21:41:46     total_loss: 8.9146 time: 1m 34s
20260222-21:41:46 Test Epoch: 47 ...
20260222-21:42:05     ave: 98.0833
20260222-21:42:05 Saving checkpoint: 47
20260222-21:42:05 Train Epoch: 48/70 ...
20260222-21:43:32     total_loss: 8.9128 time: 1m 28s
20260222-21:43:32 Test Epoch: 48 ...
20260222-21:43:51     ave: 98.0667
20260222-21:43:51 Saving checkpoint: 48
20260222-21:43:51 Train Epoch: 49/70 ...
20260222-21:45:20     total_loss: 8.9119 time: 1m 30s
20260222-21:45:20 Test Epoch: 49 ...
20260222-21:45:39     ave: 98.1500
20260222-21:45:39 Saving checkpoint: 49
20260222-21:45:39 Train Epoch: 50/70 ...
20260222-21:47:05     total_loss: 8.9122 time: 1m 26s
20260222-21:47:05 Test Epoch: 50 ...
20260222-21:47:23     ave: 98.0167
20260222-21:47:23 Saving checkpoint: 50
20260222-21:47:23 Train Epoch: 51/70 ...
