20260223-21:58:42 Train Epoch: 1/70 ...
20260223-21:59:29     total_loss: 23.3073 time: 0m 47s
20260223-21:59:29 Test Epoch: 1 ...
20260223-21:59:32     ave: 77.0833
20260223-21:59:32 Saving checkpoint: 1
20260223-21:59:32 Train Epoch: 2/70 ...
20260223-22:00:16     total_loss: 15.4981 time: 0m 44s
20260223-22:00:16 Test Epoch: 2 ...
20260223-22:00:22     ave: 79.7333
20260223-22:00:22 Saving checkpoint: 2
20260223-22:00:22 Train Epoch: 3/70 ...
20260223-22:01:03     total_loss: 15.2082 time: 0m 41s
20260223-22:01:03 Test Epoch: 3 ...
20260223-22:01:08     ave: 78.2667
20260223-22:01:08 Saving checkpoint: 3
20260223-22:01:08 Train Epoch: 4/70 ...
20260223-22:01:53     total_loss: 15.0937 time: 0m 45s
20260223-22:01:53 Test Epoch: 4 ...
20260223-22:01:59     ave: 79.9167
20260223-22:01:59 Saving checkpoint: 4
20260223-22:01:59 Train Epoch: 5/70 ...
20260223-22:02:40     total_loss: 15.0138 time: 0m 42s
20260223-22:02:40 Test Epoch: 5 ...
20260223-22:02:45     ave: 78.3000
20260223-22:02:45 Saving checkpoint: 5
20260223-22:02:45 Train Epoch: 6/70 ...
20260223-22:03:28     total_loss: 14.9578 time: 0m 42s
20260223-22:03:28 Test Epoch: 6 ...
20260223-22:03:33     ave: 78.7833
20260223-22:03:33 Saving checkpoint: 6
20260223-22:03:33 Train Epoch: 7/70 ...
