20260223-22:06:30 Train Epoch: 1/70 ...
20260223-22:07:13     total_loss: 23.3689 time: 0m 43s
20260223-22:07:13 Test Epoch: 1 ...
20260223-22:07:18     ave: 60.6167
20260223-22:07:18 Saving checkpoint: 1
20260223-22:07:18 Train Epoch: 2/70 ...
20260223-22:07:58     total_loss: 15.6260 time: 0m 39s
20260223-22:07:58 Test Epoch: 2 ...
20260223-22:08:03     ave: 77.3667
20260223-22:08:03 Saving checkpoint: 2
20260223-22:08:03 Train Epoch: 3/70 ...
20260223-22:08:46     total_loss: 15.2892 time: 0m 42s
20260223-22:08:46 Test Epoch: 3 ...
20260223-22:08:51     ave: 79.1167
20260223-22:08:51 Saving checkpoint: 3
20260223-22:08:51 Train Epoch: 4/70 ...
20260223-22:09:31     total_loss: 15.1230 time: 0m 40s
20260223-22:09:31 Test Epoch: 4 ...
20260223-22:09:36     ave: 77.7000
20260223-22:09:36 Saving checkpoint: 4
20260223-22:09:36 Train Epoch: 5/70 ...
20260223-22:10:19     total_loss: 15.0134 time: 0m 42s
20260223-22:10:19 Test Epoch: 5 ...
20260223-22:10:24     ave: 80.4833
20260223-22:10:24 Saving checkpoint: 5
20260223-22:10:24 Train Epoch: 6/70 ...
20260223-22:11:03     total_loss: 14.9447 time: 0m 39s
20260223-22:11:03 Test Epoch: 6 ...
20260223-22:11:09     ave: 81.5500
20260223-22:11:09 Saving checkpoint: 6
20260223-22:11:09 Train Epoch: 7/70 ...
20260223-22:11:51     total_loss: 14.8900 time: 0m 42s
20260223-22:11:51 Test Epoch: 7 ...
20260223-22:11:54     ave: 81.5333
20260223-22:11:54 Saving checkpoint: 7
20260223-22:11:54 Train Epoch: 8/70 ...
20260223-22:12:38     total_loss: 14.8432 time: 0m 43s
20260223-22:12:38 Test Epoch: 8 ...
20260223-22:12:43     ave: 83.0333
20260223-22:12:43 Saving checkpoint: 8
20260223-22:12:43 Train Epoch: 9/70 ...
20260223-22:13:25     total_loss: 14.8021 time: 0m 42s
20260223-22:13:25 Test Epoch: 9 ...
20260223-22:13:28     ave: 82.6500
20260223-22:13:28 Saving checkpoint: 9
20260223-22:13:28 Train Epoch: 10/70 ...
20260223-22:14:09     total_loss: 14.7700 time: 0m 41s
20260223-22:14:09 Test Epoch: 10 ...
20260223-22:14:14     ave: 82.1833
20260223-22:14:14 Saving checkpoint: 10
20260223-22:14:14 Train Epoch: 11/70 ...
20260223-22:14:53     total_loss: 14.7449 time: 0m 39s
20260223-22:14:53 Test Epoch: 11 ...
20260223-22:14:59     ave: 82.9000
20260223-22:14:59 Saving checkpoint: 11
20260223-22:14:59 Train Epoch: 12/70 ...
20260223-22:15:40     total_loss: 14.7251 time: 0m 41s
20260223-22:15:40 Test Epoch: 12 ...
20260223-22:15:45     ave: 81.5833
20260223-22:15:45 Saving checkpoint: 12
20260223-22:15:45 Train Epoch: 13/70 ...
20260223-22:16:25     total_loss: 14.7065 time: 0m 40s
20260223-22:16:25 Test Epoch: 13 ...
20260223-22:16:30     ave: 81.0833
20260223-22:16:30 Saving checkpoint: 13
20260223-22:16:30 Train Epoch: 14/70 ...
20260223-22:17:11     total_loss: 14.6895 time: 0m 41s
20260223-22:17:11 Test Epoch: 14 ...
20260223-22:17:17     ave: 83.5667
20260223-22:17:17 Saving checkpoint: 14
20260223-22:17:17 Train Epoch: 15/70 ...
20260223-22:17:55     total_loss: 14.6731 time: 0m 38s
20260223-22:17:55 Test Epoch: 15 ...
20260223-22:18:01     ave: 83.0667
20260223-22:18:01 Saving checkpoint: 15
20260223-22:18:01 Train Epoch: 16/70 ...
20260223-22:18:42     total_loss: 14.6593 time: 0m 41s
20260223-22:18:42 Test Epoch: 16 ...
20260223-22:18:47     ave: 85.3333
20260223-22:18:47 Saving checkpoint: 16
20260223-22:18:47 Train Epoch: 17/70 ...
20260223-22:19:28     total_loss: 14.6481 time: 0m 41s
20260223-22:19:28 Test Epoch: 17 ...
20260223-22:19:34     ave: 84.2667
20260223-22:19:34 Saving checkpoint: 17
20260223-22:19:34 Train Epoch: 18/70 ...
20260223-22:20:17     total_loss: 14.6358 time: 0m 43s
20260223-22:20:17 Test Epoch: 18 ...
20260223-22:20:20     ave: 82.9000
20260223-22:20:20 Saving checkpoint: 18
20260223-22:20:20 Train Epoch: 19/70 ...
20260223-22:21:01     total_loss: 14.6259 time: 0m 41s
20260223-22:21:01 Test Epoch: 19 ...
20260223-22:21:07     ave: 84.4500
20260223-22:21:07 Saving checkpoint: 19
20260223-22:21:07 Train Epoch: 20/70 ...
20260223-22:21:48     total_loss: 14.6161 time: 0m 41s
20260223-22:21:48 Test Epoch: 20 ...
20260223-22:21:51     ave: 82.6833
20260223-22:21:51 Saving checkpoint: 20
20260223-22:21:51 Train Epoch: 21/70 ...
20260223-22:22:32     total_loss: 14.6059 time: 0m 41s
20260223-22:22:32 Test Epoch: 21 ...
20260223-22:22:37     ave: 84.1333
20260223-22:22:37 Saving checkpoint: 21
20260223-22:22:37 Train Epoch: 22/70 ...
20260223-22:23:18     total_loss: 14.5988 time: 0m 41s
20260223-22:23:18 Test Epoch: 22 ...
20260223-22:23:21     ave: 82.4833
20260223-22:23:21 Saving checkpoint: 22
20260223-22:23:21 Train Epoch: 23/70 ...
20260223-22:24:02     total_loss: 14.5938 time: 0m 41s
20260223-22:24:02 Test Epoch: 23 ...
20260223-22:24:08     ave: 83.7000
20260223-22:24:08 Saving checkpoint: 23
20260223-22:24:08 Train Epoch: 24/70 ...
20260223-22:24:49     total_loss: 14.5852 time: 0m 41s
20260223-22:24:49 Test Epoch: 24 ...
20260223-22:24:52     ave: 84.2833
20260223-22:24:52 Saving checkpoint: 24
20260223-22:24:52 Train Epoch: 25/70 ...
20260223-22:25:35     total_loss: 14.5779 time: 0m 43s
20260223-22:25:35 Test Epoch: 25 ...
20260223-22:25:40     ave: 84.9833
20260223-22:25:40 Saving checkpoint: 25
20260223-22:25:40 Train Epoch: 26/70 ...
