20260305-02:07:50 ============================================================
20260305-02:07:50 MODEL_FILE: model_lh  MODEL_SIZE: micro
20260305-02:07:50 Architecture:
MobileFacenet(
  (conv1): ConvBlock(
    (conv): Conv2d(3, 32, kernel_size=(3, 3), stride=(2, 2), padding=(1, 1), bias=False)
    (bn): BatchNorm2d(32, eps=1e-05, momentum=0.1, affine=True, track_running_stats=True)
    (prelu): PReLU(num_parameters=32)
  )
  (dw_conv1): ConvBlock(
    (conv): Conv2d(32, 32, kernel_size=(3, 3), stride=(1, 1), padding=(1, 1), groups=32, bias=False)
    (bn): BatchNorm2d(32, eps=1e-05, momentum=0.1, affine=True, track_running_stats=True)
    (prelu): PReLU(num_parameters=32)
  )
  (blocks): Sequential(
    (0): Bottleneck(
      (conv): Sequential(
        (0): Conv2d(32, 64, kernel_size=(1, 1), stride=(1, 1), bias=False)
        (1): BatchNorm2d(64, eps=1e-05, momentum=0.1, affine=True, track_running_stats=True)
        (2): PReLU(num_parameters=64)
        (3): Conv2d(64, 64, kernel_size=(3, 3), stride=(2, 2), padding=(1, 1), groups=64, bias=False)
        (4): BatchNorm2d(64, eps=1e-05, momentum=0.1, affine=True, track_running_stats=True)
        (5): PReLU(num_parameters=64)
        (6): SEModule(
          (fc): Sequential(
            (0): AdaptiveAvgPool2d(output_size=1)
            (1): Conv2d(64, 16, kernel_size=(1, 1), stride=(1, 1), bias=False)
            (2): ReLU(inplace=True)
            (3): Conv2d(16, 64, kernel_size=(1, 1), stride=(1, 1), bias=False)
            (4): Sigmoid()
          )
        )
        (7): Conv2d(64, 12, kernel_size=(1, 1), stride=(1, 1), bias=False)
        (8): BatchNorm2d(12, eps=1e-05, momentum=0.1, affine=True, track_running_stats=True)
      )
    )
    (1): Bottleneck(
      (conv): Sequential(
        (0): Conv2d(12, 24, kernel_size=(1, 1), stride=(1, 1), bias=False)
        (1): BatchNorm2d(24, eps=1e-05, momentum=0.1, affine=True, track_running_stats=True)
        (2): PReLU(num_parameters=24)
        (3): Conv2d(24, 24, kernel_size=(3, 3), stride=(1, 1), padding=(1, 1), groups=24, bias=False)
        (4): BatchNorm2d(24, eps=1e-05, momentum=0.1, affine=True, track_running_stats=True)
        (5): PReLU(num_parameters=24)
        (6): SEModule(
          (fc): Sequential(
            (0): AdaptiveAvgPool2d(output_size=1)
            (1): Conv2d(24, 6, kernel_size=(1, 1), stride=(1, 1), bias=False)
            (2): ReLU(inplace=True)
            (3): Conv2d(6, 24, kernel_size=(1, 1), stride=(1, 1), bias=False)
            (4): Sigmoid()
          )
        )
        (7): Conv2d(24, 12, kernel_size=(1, 1), stride=(1, 1), bias=False)
        (8): BatchNorm2d(12, eps=1e-05, momentum=0.1, affine=True, track_running_stats=True)
      )
    )
    (2): Bottleneck(
      (conv): Sequential(
        (0): Conv2d(12, 24, kernel_size=(1, 1), stride=(1, 1), bias=False)
        (1): BatchNorm2d(24, eps=1e-05, momentum=0.1, affine=True, track_running_stats=True)
        (2): PReLU(num_parameters=24)
        (3): Conv2d(24, 24, kernel_size=(3, 3), stride=(2, 2), padding=(1, 1), groups=24, bias=False)
        (4): BatchNorm2d(24, eps=1e-05, momentum=0.1, affine=True, track_running_stats=True)
        (5): PReLU(num_parameters=24)
        (6): SEModule(
          (fc): Sequential(
            (0): AdaptiveAvgPool2d(output_size=1)
            (1): Conv2d(24, 6, kernel_size=(1, 1), stride=(1, 1), bias=False)
            (2): ReLU(inplace=True)
            (3): Conv2d(6, 24, kernel_size=(1, 1), stride=(1, 1), bias=False)
            (4): Sigmoid()
          )
        )
        (7): Conv2d(24, 24, kernel_size=(1, 1), stride=(1, 1), bias=False)
        (8): BatchNorm2d(24, eps=1e-05, momentum=0.1, affine=True, track_running_stats=True)
      )
    )
    (3): Bottleneck(
      (conv): Sequential(
        (0): Conv2d(24, 48, kernel_size=(1, 1), stride=(1, 1), bias=False)
        (1): BatchNorm2d(48, eps=1e-05, momentum=0.1, affine=True, track_running_stats=True)
        (2): PReLU(num_parameters=48)
        (3): Conv2d(48, 48, kernel_size=(3, 3), stride=(1, 1), padding=(1, 1), groups=48, bias=False)
        (4): BatchNorm2d(48, eps=1e-05, momentum=0.1, affine=True, track_running_stats=True)
        (5): PReLU(num_parameters=48)
        (6): SEModule(
          (fc): Sequential(
            (0): AdaptiveAvgPool2d(output_size=1)
            (1): Conv2d(48, 12, kernel_size=(1, 1), stride=(1, 1), bias=False)
            (2): ReLU(inplace=True)
            (3): Conv2d(12, 48, kernel_size=(1, 1), stride=(1, 1), bias=False)
            (4): Sigmoid()
          )
        )
        (7): Conv2d(48, 24, kernel_size=(1, 1), stride=(1, 1), bias=False)
        (8): BatchNorm2d(24, eps=1e-05, momentum=0.1, affine=True, track_running_stats=True)
      )
    )
    (4): Bottleneck(
      (conv): Sequential(
        (0): Conv2d(24, 48, kernel_size=(1, 1), stride=(1, 1), bias=False)
        (1): BatchNorm2d(48, eps=1e-05, momentum=0.1, affine=True, track_running_stats=True)
        (2): PReLU(num_parameters=48)
        (3): Conv2d(48, 48, kernel_size=(3, 3), stride=(2, 2), padding=(1, 1), groups=48, bias=False)
        (4): BatchNorm2d(48, eps=1e-05, momentum=0.1, affine=True, track_running_stats=True)
        (5): PReLU(num_parameters=48)
        (6): SEModule(
          (fc): Sequential(
            (0): AdaptiveAvgPool2d(output_size=1)
            (1): Conv2d(48, 12, kernel_size=(1, 1), stride=(1, 1), bias=False)
            (2): ReLU(inplace=True)
            (3): Conv2d(12, 48, kernel_size=(1, 1), stride=(1, 1), bias=False)
            (4): Sigmoid()
          )
        )
        (7): Conv2d(48, 32, kernel_size=(1, 1), stride=(1, 1), bias=False)
        (8): BatchNorm2d(32, eps=1e-05, momentum=0.1, affine=True, track_running_stats=True)
      )
    )
    (5): Bottleneck(
      (conv): Sequential(
        (0): Conv2d(32, 64, kernel_size=(1, 1), stride=(1, 1), bias=False)
        (1): BatchNorm2d(64, eps=1e-05, momentum=0.1, affine=True, track_running_stats=True)
        (2): PReLU(num_parameters=64)
        (3): Conv2d(64, 64, kernel_size=(3, 3), stride=(1, 1), padding=(1, 1), groups=64, bias=False)
        (4): BatchNorm2d(64, eps=1e-05, momentum=0.1, affine=True, track_running_stats=True)
        (5): PReLU(num_parameters=64)
        (6): SEModule(
          (fc): Sequential(
            (0): AdaptiveAvgPool2d(output_size=1)
            (1): Conv2d(64, 16, kernel_size=(1, 1), stride=(1, 1), bias=False)
            (2): ReLU(inplace=True)
            (3): Conv2d(16, 64, kernel_size=(1, 1), stride=(1, 1), bias=False)
            (4): Sigmoid()
          )
        )
        (7): Conv2d(64, 32, kernel_size=(1, 1), stride=(1, 1), bias=False)
        (8): BatchNorm2d(32, eps=1e-05, momentum=0.1, affine=True, track_running_stats=True)
      )
    )
    (6): Bottleneck(
      (conv): Sequential(
        (0): Conv2d(32, 64, kernel_size=(1, 1), stride=(1, 1), bias=False)
        (1): BatchNorm2d(64, eps=1e-05, momentum=0.1, affine=True, track_running_stats=True)
        (2): PReLU(num_parameters=64)
        (3): Conv2d(64, 64, kernel_size=(3, 3), stride=(1, 1), padding=(1, 1), groups=64, bias=False)
        (4): BatchNorm2d(64, eps=1e-05, momentum=0.1, affine=True, track_running_stats=True)
        (5): PReLU(num_parameters=64)
        (6): SEModule(
          (fc): Sequential(
            (0): AdaptiveAvgPool2d(output_size=1)
            (1): Conv2d(64, 16, kernel_size=(1, 1), stride=(1, 1), bias=False)
            (2): ReLU(inplace=True)
            (3): Conv2d(16, 64, kernel_size=(1, 1), stride=(1, 1), bias=False)
            (4): Sigmoid()
          )
        )
        (7): Conv2d(64, 32, kernel_size=(1, 1), stride=(1, 1), bias=False)
        (8): BatchNorm2d(32, eps=1e-05, momentum=0.1, affine=True, track_running_stats=True)
      )
    )
  )
  (conv2): ConvBlock(
    (conv): Conv2d(32, 64, kernel_size=(1, 1), stride=(1, 1), bias=False)
    (bn): BatchNorm2d(64, eps=1e-05, momentum=0.1, affine=True, track_running_stats=True)
    (prelu): PReLU(num_parameters=64)
  )
  (linear7): AdaptiveAvgPool2d(output_size=1)
  (linear1): ConvBlock(
    (conv): Conv2d(64, 64, kernel_size=(1, 1), stride=(1, 1), bias=False)
    (bn): BatchNorm2d(64, eps=1e-05, momentum=0.1, affine=True, track_running_stats=True)
  )
)
20260305-02:07:50 Backbone total params:     39,648
20260305-02:07:50 Backbone trainable params: 39,648
20260305-02:07:50 ArcMargin weight params:   676,608
20260305-02:07:50 Optimizer LR: 0.1  Milestones: [36, 52, 58]
20260305-02:07:50 Batch size: 512  Total epochs: 70
20260305-02:07:50 ============================================================
20260305-02:07:52 Train Epoch: 1/70 ...
20260305-02:08:30     total_loss: 20.8249 time: 0m 38s
20260305-02:08:30 Test Epoch: 1 ...
20260305-02:08:36     ave: 52.8167
20260305-02:08:36 Saving checkpoint: 1
20260305-02:08:36 Train Epoch: 2/70 ...
20260305-02:09:06     total_loss: 15.5956 time: 0m 30s
20260305-02:09:06 Test Epoch: 2 ...
20260305-02:09:11     ave: 53.6667
20260305-02:09:11 Saving checkpoint: 2
20260305-02:09:11 Train Epoch: 3/70 ...
20260305-02:09:41     total_loss: 14.9753 time: 0m 30s
20260305-02:09:41 Test Epoch: 3 ...
20260305-02:09:46     ave: 51.3833
20260305-02:09:46 Saving checkpoint: 3
20260305-02:09:46 Train Epoch: 4/70 ...
20260305-02:10:16     total_loss: 14.6054 time: 0m 30s
20260305-02:10:16 Test Epoch: 4 ...
20260305-02:10:19     ave: 53.9333
20260305-02:10:19 Saving checkpoint: 4
20260305-02:10:19 Train Epoch: 5/70 ...
20260305-02:10:49     total_loss: 14.3877 time: 0m 30s
20260305-02:10:49 Test Epoch: 5 ...
20260305-02:10:55     ave: 52.8500
20260305-02:10:55 Saving checkpoint: 5
20260305-02:10:55 Train Epoch: 6/70 ...
20260305-02:11:25     total_loss: 14.2555 time: 0m 30s
20260305-02:11:25 Test Epoch: 6 ...
20260305-02:11:30     ave: 51.5833
20260305-02:11:30 Saving checkpoint: 6
20260305-02:11:30 Train Epoch: 7/70 ...
20260305-02:12:01     total_loss: 14.1987 time: 0m 31s
20260305-02:12:01 Test Epoch: 7 ...
20260305-02:12:07     ave: 51.6833
20260305-02:12:07 Saving checkpoint: 7
20260305-02:12:07 Train Epoch: 8/70 ...
