20260222-16:07:15 Train Epoch: 1/70 ...
20260222-16:08:09     total_loss: 21.8706 time: 0m 53s
20260222-16:08:09 Test Epoch: 1 ...
20260222-16:08:26     ave: 84.7000
20260222-16:08:26 Saving checkpoint: 1
20260222-16:08:26 Train Epoch: 2/70 ...
20260222-16:09:20     total_loss: 16.3527 time: 0m 54s
20260222-16:09:20 Test Epoch: 2 ...
20260222-16:09:38     ave: 91.8667
20260222-16:09:38 Saving checkpoint: 2
20260222-16:09:38 Train Epoch: 3/70 ...
20260222-16:10:32     total_loss: 14.7204 time: 0m 55s
20260222-16:10:32 Test Epoch: 3 ...
20260222-16:10:49     ave: 93.2167
20260222-16:10:49 Saving checkpoint: 3
20260222-16:10:49 Train Epoch: 4/70 ...
20260222-16:11:43     total_loss: 13.9383 time: 0m 53s
20260222-16:11:43 Test Epoch: 4 ...
20260222-16:12:00     ave: 94.3000
20260222-16:12:00 Saving checkpoint: 4
20260222-16:12:00 Train Epoch: 5/70 ...
20260222-16:12:53     total_loss: 13.3592 time: 0m 53s
20260222-16:12:53 Test Epoch: 5 ...
20260222-16:13:10     ave: 95.6333
20260222-16:13:10 Saving checkpoint: 5
20260222-16:13:10 Train Epoch: 6/70 ...
20260222-16:14:02     total_loss: 12.9088 time: 0m 53s
20260222-16:14:02 Test Epoch: 6 ...
20260222-16:14:20     ave: 95.8000
20260222-16:14:20 Saving checkpoint: 6
20260222-16:14:20 Train Epoch: 7/70 ...
20260222-16:15:13     total_loss: 12.5693 time: 0m 53s
20260222-16:15:13 Test Epoch: 7 ...
20260222-16:15:30     ave: 95.9333
20260222-16:15:30 Saving checkpoint: 7
20260222-16:15:30 Train Epoch: 8/70 ...
20260222-16:16:22     total_loss: 12.3081 time: 0m 53s
20260222-16:16:22 Test Epoch: 8 ...
20260222-16:16:39     ave: 95.8167
20260222-16:16:39 Saving checkpoint: 8
20260222-16:16:39 Train Epoch: 9/70 ...
20260222-16:17:32     total_loss: 12.0949 time: 0m 53s
20260222-16:17:32 Test Epoch: 9 ...
20260222-16:17:50     ave: 96.4167
20260222-16:17:50 Saving checkpoint: 9
20260222-16:17:50 Train Epoch: 10/70 ...
20260222-16:18:42     total_loss: 11.9285 time: 0m 53s
20260222-16:18:42 Test Epoch: 10 ...
20260222-16:18:59     ave: 96.6667
20260222-16:18:59 Saving checkpoint: 10
20260222-16:18:59 Train Epoch: 11/70 ...
20260222-16:19:52     total_loss: 11.7848 time: 0m 53s
20260222-16:19:52 Test Epoch: 11 ...
20260222-16:20:09     ave: 96.5833
20260222-16:20:09 Saving checkpoint: 11
20260222-16:20:09 Train Epoch: 12/70 ...
20260222-16:21:02     total_loss: 11.6590 time: 0m 53s
20260222-16:21:02 Test Epoch: 12 ...
20260222-16:21:20     ave: 96.7667
20260222-16:21:20 Saving checkpoint: 12
20260222-16:21:20 Train Epoch: 13/70 ...
20260222-16:22:13     total_loss: 11.5445 time: 0m 53s
20260222-16:22:13 Test Epoch: 13 ...
20260222-16:22:30     ave: 97.0333
20260222-16:22:30 Saving checkpoint: 13
20260222-16:22:30 Train Epoch: 14/70 ...
20260222-16:23:22     total_loss: 11.4514 time: 0m 53s
20260222-16:23:22 Test Epoch: 14 ...
20260222-16:23:39     ave: 96.8167
20260222-16:23:39 Saving checkpoint: 14
20260222-16:23:39 Train Epoch: 15/70 ...
20260222-16:24:31     total_loss: 11.3629 time: 0m 52s
20260222-16:24:31 Test Epoch: 15 ...
20260222-16:24:49     ave: 96.8000
20260222-16:24:49 Saving checkpoint: 15
20260222-16:24:49 Train Epoch: 16/70 ...
20260222-16:25:42     total_loss: 11.2765 time: 0m 53s
20260222-16:25:42 Test Epoch: 16 ...
20260222-16:25:59     ave: 96.7667
20260222-16:25:59 Saving checkpoint: 16
20260222-16:25:59 Train Epoch: 17/70 ...
20260222-16:26:52     total_loss: 11.2044 time: 0m 53s
20260222-16:26:52 Test Epoch: 17 ...
20260222-16:27:09     ave: 96.8000
20260222-16:27:09 Saving checkpoint: 17
20260222-16:27:09 Train Epoch: 18/70 ...
20260222-16:28:02     total_loss: 11.1348 time: 0m 53s
20260222-16:28:02 Test Epoch: 18 ...
20260222-16:28:20     ave: 97.1667
20260222-16:28:20 Saving checkpoint: 18
20260222-16:28:20 Train Epoch: 19/70 ...
20260222-16:29:13     total_loss: 11.0714 time: 0m 53s
20260222-16:29:13 Test Epoch: 19 ...
20260222-16:29:30     ave: 97.3833
20260222-16:29:30 Saving checkpoint: 19
20260222-16:29:30 Train Epoch: 20/70 ...
20260222-16:30:23     total_loss: 11.0104 time: 0m 53s
20260222-16:30:23 Test Epoch: 20 ...
20260222-16:30:40     ave: 97.3333
20260222-16:30:40 Saving checkpoint: 20
20260222-16:30:40 Train Epoch: 21/70 ...
20260222-16:31:33     total_loss: 10.9544 time: 0m 53s
20260222-16:31:33 Test Epoch: 21 ...
20260222-16:31:50     ave: 97.3833
20260222-16:31:50 Saving checkpoint: 21
20260222-16:31:50 Train Epoch: 22/70 ...
20260222-16:32:43     total_loss: 10.9103 time: 0m 53s
20260222-16:32:43 Test Epoch: 22 ...
20260222-16:33:00     ave: 97.3167
20260222-16:33:00 Saving checkpoint: 22
20260222-16:33:00 Train Epoch: 23/70 ...
20260222-16:33:53     total_loss: 10.8659 time: 0m 53s
20260222-16:33:53 Test Epoch: 23 ...
20260222-16:34:10     ave: 97.5167
20260222-16:34:10 Saving checkpoint: 23
20260222-16:34:10 Train Epoch: 24/70 ...
20260222-16:35:03     total_loss: 10.8241 time: 0m 53s
20260222-16:35:03 Test Epoch: 24 ...
20260222-16:35:20     ave: 97.2500
20260222-16:35:20 Saving checkpoint: 24
20260222-16:35:20 Train Epoch: 25/70 ...
20260222-16:36:13     total_loss: 10.7876 time: 0m 52s
20260222-16:36:13 Test Epoch: 25 ...
20260222-16:36:30     ave: 97.4667
20260222-16:36:30 Saving checkpoint: 25
20260222-16:36:30 Train Epoch: 26/70 ...
20260222-16:41:59     total_loss: 10.7524 time: 5m 30s
20260222-16:41:59 Test Epoch: 26 ...
20260222-16:42:15     ave: 97.4000
20260222-16:42:15 Saving checkpoint: 26
20260222-16:42:15 Train Epoch: 27/70 ...
20260222-16:43:10     total_loss: 10.7185 time: 0m 54s
20260222-16:43:10 Test Epoch: 27 ...
20260222-16:43:27     ave: 97.4167
20260222-16:43:27 Saving checkpoint: 27
20260222-16:43:27 Train Epoch: 28/70 ...
20260222-16:44:21     total_loss: 10.6885 time: 0m 54s
20260222-16:44:21 Test Epoch: 28 ...
20260222-16:44:38     ave: 97.6833
20260222-16:44:38 Saving checkpoint: 28
20260222-16:44:38 Train Epoch: 29/70 ...
20260222-16:45:33     total_loss: 10.6604 time: 0m 55s
20260222-16:45:33 Test Epoch: 29 ...
20260222-16:45:49     ave: 97.3500
20260222-16:45:49 Saving checkpoint: 29
20260222-16:45:49 Train Epoch: 30/70 ...
20260222-16:46:42     total_loss: 10.6347 time: 0m 54s
20260222-16:46:42 Test Epoch: 30 ...
20260222-16:46:58     ave: 97.4167
20260222-16:46:58 Saving checkpoint: 30
20260222-16:46:58 Train Epoch: 31/70 ...
20260222-16:47:51     total_loss: 10.6072 time: 0m 53s
20260222-16:47:51 Test Epoch: 31 ...
20260222-16:48:07     ave: 97.2000
20260222-16:48:07 Saving checkpoint: 31
20260222-16:48:07 Train Epoch: 32/70 ...
20260222-16:48:58     total_loss: 10.5811 time: 0m 51s
20260222-16:48:58 Test Epoch: 32 ...
20260222-16:49:14     ave: 97.3500
20260222-16:49:14 Saving checkpoint: 32
20260222-16:49:14 Train Epoch: 33/70 ...
20260222-16:50:06     total_loss: 10.5579 time: 0m 52s
20260222-16:50:06 Test Epoch: 33 ...
20260222-16:50:24     ave: 97.6167
20260222-16:50:24 Saving checkpoint: 33
20260222-16:50:24 Train Epoch: 34/70 ...
20260222-16:51:19     total_loss: 10.5389 time: 0m 55s
20260222-16:51:19 Test Epoch: 34 ...
20260222-16:51:36     ave: 97.5500
20260222-16:51:36 Saving checkpoint: 34
20260222-16:51:36 Train Epoch: 35/70 ...
20260222-16:52:29     total_loss: 10.5174 time: 0m 53s
20260222-16:52:29 Test Epoch: 35 ...
20260222-16:52:46     ave: 97.6333
20260222-16:52:46 Saving checkpoint: 35
20260222-16:52:46 Train Epoch: 36/70 ...
20260222-16:53:41     total_loss: 10.4950 time: 0m 55s
20260222-16:53:41 Test Epoch: 36 ...
20260222-16:53:59     ave: 97.5333
20260222-16:53:59 Saving checkpoint: 36
20260222-16:53:59 Train Epoch: 37/70 ...
20260222-16:54:55     total_loss: 9.3067 time: 0m 56s
20260222-16:54:55 Test Epoch: 37 ...
20260222-16:55:12     ave: 97.8833
20260222-16:55:12 Saving checkpoint: 37
20260222-16:55:12 Train Epoch: 38/70 ...
20260222-16:56:08     total_loss: 9.0088 time: 0m 55s
20260222-16:56:08 Test Epoch: 38 ...
20260222-16:56:24     ave: 98.0000
20260222-16:56:24 Saving checkpoint: 38
20260222-16:56:24 Train Epoch: 39/70 ...
20260222-16:57:21     total_loss: 8.9191 time: 0m 57s
20260222-16:57:21 Test Epoch: 39 ...
20260222-16:57:39     ave: 97.9167
20260222-16:57:39 Saving checkpoint: 39
20260222-16:57:39 Train Epoch: 40/70 ...
20260222-16:58:37     total_loss: 8.8874 time: 0m 59s
20260222-16:58:37 Test Epoch: 40 ...
20260222-16:58:55     ave: 97.9500
20260222-16:58:55 Saving checkpoint: 40
20260222-16:58:55 Train Epoch: 41/70 ...
20260222-16:59:57     total_loss: 8.8738 time: 1m 2s
20260222-16:59:57 Test Epoch: 41 ...
20260222-17:00:15     ave: 98.0333
20260222-17:00:15 Saving checkpoint: 41
20260222-17:00:15 Train Epoch: 42/70 ...
20260222-17:01:17     total_loss: 8.8721 time: 1m 2s
20260222-17:01:17 Test Epoch: 42 ...
20260222-17:01:35     ave: 97.9667
20260222-17:01:35 Saving checkpoint: 42
20260222-17:01:35 Train Epoch: 43/70 ...
20260222-17:02:37     total_loss: 8.8736 time: 1m 3s
20260222-17:02:37 Test Epoch: 43 ...
20260222-17:02:55     ave: 97.9333
20260222-17:02:55 Saving checkpoint: 43
20260222-17:02:55 Train Epoch: 44/70 ...
20260222-17:03:57     total_loss: 8.8791 time: 1m 2s
20260222-17:03:57 Test Epoch: 44 ...
20260222-17:04:15     ave: 97.8500
20260222-17:04:15 Saving checkpoint: 44
20260222-17:04:15 Train Epoch: 45/70 ...
20260222-17:05:12     total_loss: 8.8828 time: 0m 57s
20260222-17:05:12 Test Epoch: 45 ...
20260222-17:05:29     ave: 97.9000
20260222-17:05:29 Saving checkpoint: 45
20260222-17:05:29 Train Epoch: 46/70 ...
20260222-17:06:30     total_loss: 8.8911 time: 1m 0s
20260222-17:06:30 Test Epoch: 46 ...
20260222-17:06:48     ave: 97.9333
20260222-17:06:48 Saving checkpoint: 46
20260222-17:06:48 Train Epoch: 47/70 ...
20260222-17:07:41     total_loss: 8.8993 time: 0m 54s
20260222-17:07:41 Test Epoch: 47 ...
20260222-17:07:58     ave: 97.9833
20260222-17:07:58 Saving checkpoint: 47
20260222-17:07:58 Train Epoch: 48/70 ...
20260222-17:08:52     total_loss: 8.9102 time: 0m 54s
20260222-17:08:52 Test Epoch: 48 ...
20260222-17:09:10     ave: 98.0500
20260222-17:09:10 Saving checkpoint: 48
20260222-17:09:10 Train Epoch: 49/70 ...
20260222-17:10:04     total_loss: 8.9192 time: 0m 55s
20260222-17:10:04 Test Epoch: 49 ...
20260222-17:10:22     ave: 97.9667
20260222-17:10:22 Saving checkpoint: 49
20260222-17:10:22 Train Epoch: 50/70 ...
20260222-17:11:21     total_loss: 8.9287 time: 0m 59s
20260222-17:11:21 Test Epoch: 50 ...
20260222-17:11:39     ave: 98.0500
20260222-17:11:39 Saving checkpoint: 50
20260222-17:11:39 Train Epoch: 51/70 ...
20260222-17:12:34     total_loss: 8.9371 time: 0m 56s
20260222-17:12:34 Test Epoch: 51 ...
20260222-17:12:51     ave: 98.1333
20260222-17:12:51 Saving checkpoint: 51
20260222-17:12:51 Train Epoch: 52/70 ...
20260222-17:13:46     total_loss: 8.9447 time: 0m 54s
20260222-17:13:46 Test Epoch: 52 ...
20260222-17:14:02     ave: 98.1000
20260222-17:14:02 Saving checkpoint: 52
20260222-17:14:03 Train Epoch: 53/70 ...
20260222-17:14:56     total_loss: 8.5975 time: 0m 54s
20260222-17:14:56 Test Epoch: 53 ...
20260222-17:15:14     ave: 98.0333
20260222-17:15:14 Saving checkpoint: 53
20260222-17:15:14 Train Epoch: 54/70 ...
20260222-17:16:08     total_loss: 8.5699 time: 0m 54s
20260222-17:16:08 Test Epoch: 54 ...
20260222-17:16:25     ave: 97.9500
20260222-17:16:25 Saving checkpoint: 54
20260222-17:16:25 Train Epoch: 55/70 ...
20260222-17:17:19     total_loss: 8.5592 time: 0m 54s
20260222-17:17:19 Test Epoch: 55 ...
20260222-17:17:37     ave: 98.0000
20260222-17:17:37 Saving checkpoint: 55
20260222-17:17:37 Train Epoch: 56/70 ...
20260222-17:18:31     total_loss: 8.5541 time: 0m 54s
20260222-17:18:31 Test Epoch: 56 ...
20260222-17:18:49     ave: 97.9667
20260222-17:18:49 Saving checkpoint: 56
20260222-17:18:49 Train Epoch: 57/70 ...
20260222-17:19:43     total_loss: 8.5501 time: 0m 54s
20260222-17:19:43 Test Epoch: 57 ...
20260222-17:20:00     ave: 97.9333
20260222-17:20:00 Saving checkpoint: 57
20260222-17:20:00 Train Epoch: 58/70 ...
20260222-17:20:55     total_loss: 8.5455 time: 0m 54s
20260222-17:20:55 Test Epoch: 58 ...
20260222-17:21:12     ave: 98.0167
20260222-17:21:12 Saving checkpoint: 58
20260222-17:21:12 Train Epoch: 59/70 ...
20260222-17:22:06     total_loss: 8.4981 time: 0m 54s
20260222-17:22:06 Test Epoch: 59 ...
20260222-17:22:24     ave: 98.0333
20260222-17:22:24 Saving checkpoint: 59
20260222-17:22:24 Train Epoch: 60/70 ...
20260222-17:23:18     total_loss: 8.4966 time: 0m 54s
20260222-17:23:18 Test Epoch: 60 ...
20260222-17:23:36     ave: 97.9833
20260222-17:23:36 Saving checkpoint: 60
20260222-17:23:36 Train Epoch: 61/70 ...
20260222-17:24:30     total_loss: 8.4964 time: 0m 54s
20260222-17:24:30 Test Epoch: 61 ...
20260222-17:24:48     ave: 97.9833
20260222-17:24:48 Saving checkpoint: 61
20260222-17:24:48 Train Epoch: 62/70 ...
20260222-17:25:42     total_loss: 8.4967 time: 0m 54s
20260222-17:25:42 Test Epoch: 62 ...
20260222-17:26:00     ave: 98.0333
20260222-17:26:00 Saving checkpoint: 62
20260222-17:26:00 Train Epoch: 63/70 ...
20260222-17:26:54     total_loss: 8.4946 time: 0m 54s
20260222-17:26:54 Test Epoch: 63 ...
20260222-17:27:11     ave: 97.9167
20260222-17:27:11 Saving checkpoint: 63
20260222-17:27:11 Train Epoch: 64/70 ...
20260222-17:28:05     total_loss: 8.4943 time: 0m 54s
20260222-17:28:05 Test Epoch: 64 ...
20260222-17:28:23     ave: 97.9500
20260222-17:28:23 Saving checkpoint: 64
20260222-17:28:23 Train Epoch: 65/70 ...
20260222-17:29:17     total_loss: 8.4943 time: 0m 54s
20260222-17:29:17 Test Epoch: 65 ...
20260222-17:29:34     ave: 98.0000
20260222-17:29:34 Saving checkpoint: 65
20260222-17:29:34 Train Epoch: 66/70 ...
20260222-17:30:27     total_loss: 8.4942 time: 0m 54s
20260222-17:30:27 Test Epoch: 66 ...
20260222-17:30:45     ave: 97.9500
20260222-17:30:45 Saving checkpoint: 66
20260222-17:30:45 Train Epoch: 67/70 ...
20260222-17:31:38     total_loss: 8.4921 time: 0m 54s
20260222-17:31:38 Test Epoch: 67 ...
20260222-17:31:55     ave: 97.9667
20260222-17:31:55 Saving checkpoint: 67
20260222-17:31:55 Train Epoch: 68/70 ...
20260222-17:32:49     total_loss: 8.4926 time: 0m 54s
20260222-17:32:49 Test Epoch: 68 ...
20260222-17:33:06     ave: 98.0667
20260222-17:33:06 Saving checkpoint: 68
20260222-17:33:06 Train Epoch: 69/70 ...
20260222-17:34:00     total_loss: 8.4939 time: 0m 54s
20260222-17:34:00 Test Epoch: 69 ...
20260222-17:34:17     ave: 98.0333
20260222-17:34:17 Saving checkpoint: 69
20260222-17:34:17 Train Epoch: 70/70 ...
20260222-17:35:11     total_loss: 8.4942 time: 0m 53s
20260222-17:35:11 Test Epoch: 70 ...
20260222-17:35:28     ave: 97.9833
20260222-17:35:28 Saving checkpoint: 70
